  pch.cpp
  3D-Rendering-Project.cpp
  Buffer.cpp
  Camera.cpp
  Mesh.cpp
  Renderer.cpp
  Shader.cpp
  Cube.cpp
  Grid.cpp
C:\dev\3D-Rendering-Project\3D-Rendering-Project\src\Renderer\Shapes\Grid.cpp(60,22): warning C4018: '<': signed/unsigned mismatch
  (compiling source file '/src/Renderer/Shapes/Grid.cpp')
  
C:\dev\3D-Rendering-Project\3D-Rendering-Project\src\Renderer\Shapes\Grid.cpp(81,22): warning C4018: '<': signed/unsigned mismatch
  (compiling source file '/src/Renderer/Shapes/Grid.cpp')
  
  Plane.cpp
C:\Program Files\Microsoft Visual Studio\2022\Community\VC\Tools\MSVC\14.43.34808\include\xutility(506,82): warning C4267: 'argument': conversion from 'size_t' to 'uint32_t', possible loss of data
  (compiling source file '/src/Renderer/Shapes/Plane.cpp')
      C:\Program Files\Microsoft Visual Studio\2022\Community\VC\Tools\MSVC\14.43.34808\include\xutility(506,82):
      the template instantiation context (the oldest one first) is
          C:\dev\3D-Rendering-Project\3D-Rendering-Project\src\Renderer\Shapes\Plane.cpp(34,8):
          see reference to function template instantiation 'std::shared_ptr<VertexBuffer> CreateRef<VertexBuffer,float(&)[32],size_t>(float (&)[32],size_t &&)' being compiled
          C:\dev\3D-Rendering-Project\3D-Rendering-Project\src\Base.h(17,14):
          see reference to function template instantiation 'std::shared_ptr<VertexBuffer> std::make_shared<VertexBuffer,float(&)[32],_Ty>(float (&)[32],_Ty &&)' being compiled
          with
          [
              _Ty=size_t
          ]
          C:\Program Files\Microsoft Visual Studio\2022\Community\VC\Tools\MSVC\14.43.34808\include\memory(2903,46):
          see reference to function template instantiation 'std::_Ref_count_obj2<VertexBuffer>::_Ref_count_obj2<float(&)[32],_Ty>(float (&)[32],_Ty &&)' being compiled
          with
          [
              _Ty=size_t
          ]
          C:\Program Files\Microsoft Visual Studio\2022\Community\VC\Tools\MSVC\14.43.34808\include\memory(2092,18):
          see reference to function template instantiation 'void std::_Construct_in_place<_Ty,float(&)[32],unsigned __int64>(_Ty &,float (&)[32],unsigned __int64 &&) noexcept(false)' being compiled
          with
          [
              _Ty=VertexBuffer
          ]
  
  Square.cpp
  Triangle.cpp
  Texture.cpp
  VertexArray.cpp
  stb_image.cpp
LINK : warning LNK4098: defaultlib 'LIBCMT' conflicts with use of other libs; use /NODEFAULTLIB:library
  Generating code
  Previous IPDB not found, fall back to full compilation.
  All 961 functions were compiled because no usable IPDB/IOBJ from previous compilation was found.
  Finished generating code
  3D-Rendering-Project.vcxproj -> C:\dev\3D-Rendering-Project\x64\Release\3D-Rendering-Project.exe
